<?xml version="1.0" encoding="UTF-8"?>
<testng-results ignored="0" total="1" passed="1" failed="0" skipped="0">
  <reporter-output>
  </reporter-output>
  <suite started-at="2024-05-30T08:15:26 NPT" name="Default suite" finished-at="2024-05-30T08:15:44 NPT" duration-ms="18252">
    <groups>
    </groups>
    <test started-at="2024-05-30T08:15:26 NPT" name="Default test" finished-at="2024-05-30T08:15:44 NPT" duration-ms="18252">
      <class name="Booking.Flightbooking">
        <test-method signature="Booking()[pri:0, instance:Booking.Flightbooking@2fb3536e]" started-at="2024-05-30T08:15:26 NPT" name="Booking" finished-at="2024-05-30T08:15:44 NPT" duration-ms="18154" status="PASS">
          <reporter-output>
          </reporter-output>
        </test-method> <!-- Booking -->
      </class> <!-- Booking.Flightbooking -->
    </test> <!-- Default test -->
  </suite> <!-- Default suite -->
</testng-results>
